<?xml version="1.0" encoding="UTF-8"?>
<!-- Generated by org.testng.reporters.JUnitXMLReporter -->
<testsuite hostname="d11macpro.d11.com" ignored="0" name="TestCase_3" tests="1" failures="1" timestamp="31 Oct 2018 21:35:36 GMT" time="67.089" errors="0">
  <testcase name="Nexus_5X_API_23_Marshmallow" time="57.056" classname="com.sportsGuru.TestCase_Nexus_5X_API_23_Marshmallow">
    <failure type="java.lang.AssertionError" message="expected [true] but found [false]">
      <![CDATA[java.lang.AssertionError: expected [true] but found [false]
at com.sportsGuru.TestCase_Nexus_5X_API_23_Marshmallow.Nexus_5X_API_23_Marshmallow(TestCase_Nexus_5X_API_23_Marshmallow.java:55)
... Removed 29 stack frames]]>
    </failure>
  </testcase> <!-- Nexus_5X_API_23_Marshmallow -->
</testsuite> <!-- TestCase_3 -->
