<?xml version="1.0" encoding="UTF-8"?>
<!-- Generated by org.testng.reporters.JUnitXMLReporter -->
<testsuite hostname="d11macpro.d11.com" ignored="0" name="TestCase_8" tests="1" failures="1" timestamp="31 Oct 2018 21:56:37 GMT" time="67.116" errors="0">
  <testcase name="Nexus_5X_API_28_Pie" time="57.082" classname="com.sportsGuru.TestCase_Nexus_5X_API_28_Pie">
    <failure type="java.lang.AssertionError" message="expected [true] but found [false]">
      <![CDATA[java.lang.AssertionError: expected [true] but found [false]
at com.sportsGuru.TestCase_Nexus_5X_API_28_Pie.Nexus_5X_API_28_Pie(TestCase_Nexus_5X_API_28_Pie.java:55)
... Removed 32 stack frames]]>
    </failure>
  </testcase> <!-- Nexus_5X_API_28_Pie -->
</testsuite> <!-- TestCase_8 -->
