<?xml version="1.0" encoding="UTF-8"?>
<testng-results skipped="1" failed="2" ignored="0" total="8" passed="5">
  <reporter-output>
  </reporter-output>
  <suite name="Suite" duration-ms="486906" started-at="2018-10-31T21:32:13Z" finished-at="2018-10-31T21:40:20Z">
    <groups>
    </groups>
    <test name="TestCase_1" duration-ms="65261" started-at="2018-10-31T21:32:13Z" finished-at="2018-10-31T21:33:19Z">
      <class name="com.sportsGuru.TestCase_Nexus_5X_API_21_Lollipop">
        <test-method status="PASS" signature="SetUp()[pri:0, instance:com.sportsGuru.TestCase_Nexus_5X_API_21_Lollipop@d8355a8]" name="SetUp" is-config="true" duration-ms="10071" started-at="2018-10-31T21:32:13Z" finished-at="2018-10-31T21:32:23Z">
          <reporter-output>
          </reporter-output>
        </test-method> <!-- SetUp -->
        <test-method status="PASS" signature="Nexus_5X_API_21_Lollipop()[pri:0, instance:com.sportsGuru.TestCase_Nexus_5X_API_21_Lollipop@d8355a8]" name="Nexus_5X_API_21_Lollipop" duration-ms="55149" started-at="2018-10-31T21:32:23Z" finished-at="2018-10-31T21:33:19Z">
          <reporter-output>
          </reporter-output>
        </test-method> <!-- Nexus_5X_API_21_Lollipop -->
        <test-method status="PASS" signature="TearDown()[pri:0, instance:com.sportsGuru.TestCase_Nexus_5X_API_21_Lollipop@d8355a8]" name="TearDown" is-config="true" duration-ms="10" started-at="2018-10-31T21:33:19Z" finished-at="2018-10-31T21:33:19Z">
          <reporter-output>
          </reporter-output>
        </test-method> <!-- TearDown -->
      </class> <!-- com.sportsGuru.TestCase_Nexus_5X_API_21_Lollipop -->
    </test> <!-- TestCase_1 -->
    <test name="TestCase_2" duration-ms="65061" started-at="2018-10-31T21:33:19Z" finished-at="2018-10-31T21:34:24Z">
      <class name="com.sportsGuru.TestCase_Nexus_5X_API_22_Lollipop">
        <test-method status="PASS" signature="SetUp()[pri:0, instance:com.sportsGuru.TestCase_Nexus_5X_API_22_Lollipop@5442a311]" name="SetUp" is-config="true" duration-ms="10012" started-at="2018-10-31T21:33:19Z" finished-at="2018-10-31T21:33:29Z">
          <reporter-output>
          </reporter-output>
        </test-method> <!-- SetUp -->
        <test-method status="PASS" signature="Nexus_5X_API_22_Lollipop()[pri:0, instance:com.sportsGuru.TestCase_Nexus_5X_API_22_Lollipop@5442a311]" name="Nexus_5X_API_22_Lollipop" duration-ms="55036" started-at="2018-10-31T21:33:29Z" finished-at="2018-10-31T21:34:24Z">
          <reporter-output>
          </reporter-output>
        </test-method> <!-- Nexus_5X_API_22_Lollipop -->
        <test-method status="PASS" signature="TearDown()[pri:0, instance:com.sportsGuru.TestCase_Nexus_5X_API_22_Lollipop@5442a311]" name="TearDown" is-config="true" duration-ms="10" started-at="2018-10-31T21:34:24Z" finished-at="2018-10-31T21:34:24Z">
          <reporter-output>
          </reporter-output>
        </test-method> <!-- TearDown -->
      </class> <!-- com.sportsGuru.TestCase_Nexus_5X_API_22_Lollipop -->
    </test> <!-- TestCase_2 -->
    <test name="TestCase_3" duration-ms="67089" started-at="2018-10-31T21:34:24Z" finished-at="2018-10-31T21:35:31Z">
      <class name="com.sportsGuru.TestCase_Nexus_5X_API_23_Marshmallow">
        <test-method status="PASS" signature="SetUp()[pri:0, instance:com.sportsGuru.TestCase_Nexus_5X_API_23_Marshmallow@146ba0ac]" name="SetUp" is-config="true" duration-ms="10015" started-at="2018-10-31T21:34:24Z" finished-at="2018-10-31T21:34:34Z">
          <reporter-output>
          </reporter-output>
        </test-method> <!-- SetUp -->
        <test-method status="FAIL" signature="Nexus_5X_API_23_Marshmallow()[pri:0, instance:com.sportsGuru.TestCase_Nexus_5X_API_23_Marshmallow@146ba0ac]" name="Nexus_5X_API_23_Marshmallow" duration-ms="57056" started-at="2018-10-31T21:34:34Z" finished-at="2018-10-31T21:35:31Z">
          <exception class="java.lang.AssertionError">
            <message>
              <![CDATA[expected [true] but found [false]]]>
            </message>
            <full-stacktrace>
              <![CDATA[java.lang.AssertionError: expected [true] but found [false]
at org.testng.Assert.fail(Assert.java:96)
at org.testng.Assert.failNotEquals(Assert.java:776)
at org.testng.Assert.assertTrue(Assert.java:44)
at org.testng.Assert.assertTrue(Assert.java:54)
at com.sportsGuru.TestCase_Nexus_5X_API_23_Marshmallow.Nexus_5X_API_23_Marshmallow(TestCase_Nexus_5X_API_23_Marshmallow.java:55)
at sun.reflect.NativeMethodAccessorImpl.invoke0(Native Method)
at sun.reflect.NativeMethodAccessorImpl.invoke(NativeMethodAccessorImpl.java:62)
at sun.reflect.DelegatingMethodAccessorImpl.invoke(DelegatingMethodAccessorImpl.java:43)
at java.lang.reflect.Method.invoke(Method.java:498)
at org.testng.internal.MethodInvocationHelper.invokeMethod(MethodInvocationHelper.java:124)
at org.testng.internal.Invoker.invokeMethod(Invoker.java:580)
at org.testng.internal.Invoker.invokeTestMethod(Invoker.java:716)
at org.testng.internal.Invoker.invokeTestMethods(Invoker.java:988)
at org.testng.internal.TestMethodWorker.invokeTestMethods(TestMethodWorker.java:125)
at org.testng.internal.TestMethodWorker.run(TestMethodWorker.java:109)
at org.testng.TestRunner.privateRun(TestRunner.java:648)
at org.testng.TestRunner.run(TestRunner.java:505)
at org.testng.SuiteRunner.runTest(SuiteRunner.java:455)
at org.testng.SuiteRunner.runSequentially(SuiteRunner.java:450)
at org.testng.SuiteRunner.privateRun(SuiteRunner.java:415)
at org.testng.SuiteRunner.run(SuiteRunner.java:364)
at org.testng.SuiteRunnerWorker.runSuite(SuiteRunnerWorker.java:52)
at org.testng.SuiteRunnerWorker.run(SuiteRunnerWorker.java:84)
at org.testng.TestNG.runSuitesSequentially(TestNG.java:1208)
at org.testng.TestNG.runSuitesLocally(TestNG.java:1137)
at org.testng.TestNG.runSuites(TestNG.java:1049)
at org.testng.TestNG.run(TestNG.java:1017)
at org.testng.remote.AbstractRemoteTestNG.run(AbstractRemoteTestNG.java:114)
at org.testng.remote.RemoteTestNG.initAndRun(RemoteTestNG.java:251)
at org.testng.remote.RemoteTestNG.main(RemoteTestNG.java:77)
]]>
            </full-stacktrace>
          </exception> <!-- java.lang.AssertionError -->
          <reporter-output>
          </reporter-output>
        </test-method> <!-- Nexus_5X_API_23_Marshmallow -->
        <test-method status="PASS" signature="TearDown()[pri:0, instance:com.sportsGuru.TestCase_Nexus_5X_API_23_Marshmallow@146ba0ac]" name="TearDown" is-config="true" duration-ms="10" started-at="2018-10-31T21:35:31Z" finished-at="2018-10-31T21:35:31Z">
          <reporter-output>
          </reporter-output>
        </test-method> <!-- TearDown -->
      </class> <!-- com.sportsGuru.TestCase_Nexus_5X_API_23_Marshmallow -->
    </test> <!-- TestCase_3 -->
    <test name="TestCase_4" duration-ms="65065" started-at="2018-10-31T21:35:37Z" finished-at="2018-10-31T21:36:42Z">
      <class name="com.sportsGuru.TestCase_Nexus_5X_API_24_gplay_Nougat">
        <test-method status="PASS" signature="SetUp()[pri:0, instance:com.sportsGuru.TestCase_Nexus_5X_API_24_gplay_Nougat@57fffcd7]" name="SetUp" is-config="true" duration-ms="10011" started-at="2018-10-31T21:35:37Z" finished-at="2018-10-31T21:35:47Z">
          <reporter-output>
          </reporter-output>
        </test-method> <!-- SetUp -->
        <test-method status="PASS" signature="Nexus_5X_API_24_gplay_Nougat()[pri:0, instance:com.sportsGuru.TestCase_Nexus_5X_API_24_gplay_Nougat@57fffcd7]" name="Nexus_5X_API_24_gplay_Nougat" duration-ms="55042" started-at="2018-10-31T21:35:47Z" finished-at="2018-10-31T21:36:42Z">
          <reporter-output>
          </reporter-output>
        </test-method> <!-- Nexus_5X_API_24_gplay_Nougat -->
        <test-method status="PASS" signature="TearDown()[pri:0, instance:com.sportsGuru.TestCase_Nexus_5X_API_24_gplay_Nougat@57fffcd7]" name="TearDown" is-config="true" duration-ms="10" started-at="2018-10-31T21:36:42Z" finished-at="2018-10-31T21:36:42Z">
          <reporter-output>
          </reporter-output>
        </test-method> <!-- TearDown -->
      </class> <!-- com.sportsGuru.TestCase_Nexus_5X_API_24_gplay_Nougat -->
    </test> <!-- TestCase_4 -->
    <test name="TestCase_5" duration-ms="65059" started-at="2018-10-31T21:36:47Z" finished-at="2018-10-31T21:37:52Z">
      <class name="com.sportsGuru.TestCase_Nexus_5X_API_25_Nougat">
        <test-method status="PASS" signature="SetUp()[pri:0, instance:com.sportsGuru.TestCase_Nexus_5X_API_25_Nougat@271053e1]" name="SetUp" is-config="true" duration-ms="10011" started-at="2018-10-31T21:36:47Z" finished-at="2018-10-31T21:36:57Z">
          <reporter-output>
          </reporter-output>
        </test-method> <!-- SetUp -->
        <test-method status="PASS" signature="Nexus_5X_API_25_Nougat()[pri:0, instance:com.sportsGuru.TestCase_Nexus_5X_API_25_Nougat@271053e1]" name="Nexus_5X_API_25_Nougat" duration-ms="55036" started-at="2018-10-31T21:36:57Z" finished-at="2018-10-31T21:37:52Z">
          <reporter-output>
          </reporter-output>
        </test-method> <!-- Nexus_5X_API_25_Nougat -->
        <test-method status="PASS" signature="TearDown()[pri:0, instance:com.sportsGuru.TestCase_Nexus_5X_API_25_Nougat@271053e1]" name="TearDown" is-config="true" duration-ms="10" started-at="2018-10-31T21:37:52Z" finished-at="2018-10-31T21:37:52Z">
          <reporter-output>
          </reporter-output>
        </test-method> <!-- TearDown -->
      </class> <!-- com.sportsGuru.TestCase_Nexus_5X_API_25_Nougat -->
    </test> <!-- TestCase_5 -->
    <test name="TestCase_6" duration-ms="65062" started-at="2018-10-31T21:37:57Z" finished-at="2018-10-31T21:39:02Z">
      <class name="com.sportsGuru.TestCase_Nexus_5X_API_26_Oreo">
        <test-method status="PASS" signature="SetUp()[pri:0, instance:com.sportsGuru.TestCase_Nexus_5X_API_26_Oreo@3fee9989]" name="SetUp" is-config="true" duration-ms="10015" started-at="2018-10-31T21:37:57Z" finished-at="2018-10-31T21:38:07Z">
          <reporter-output>
          </reporter-output>
        </test-method> <!-- SetUp -->
        <test-method status="PASS" signature="Nexus_5X_API_26_Oreo()[pri:0, instance:com.sportsGuru.TestCase_Nexus_5X_API_26_Oreo@3fee9989]" name="Nexus_5X_API_26_Oreo" duration-ms="55034" started-at="2018-10-31T21:38:07Z" finished-at="2018-10-31T21:39:02Z">
          <reporter-output>
          </reporter-output>
        </test-method> <!-- Nexus_5X_API_26_Oreo -->
        <test-method status="PASS" signature="TearDown()[pri:0, instance:com.sportsGuru.TestCase_Nexus_5X_API_26_Oreo@3fee9989]" name="TearDown" is-config="true" duration-ms="11" started-at="2018-10-31T21:39:02Z" finished-at="2018-10-31T21:39:02Z">
          <reporter-output>
          </reporter-output>
        </test-method> <!-- TearDown -->
      </class> <!-- com.sportsGuru.TestCase_Nexus_5X_API_26_Oreo -->
    </test> <!-- TestCase_6 -->
    <test name="TestCase_7" duration-ms="10017" started-at="2018-10-31T21:39:03Z" finished-at="2018-10-31T21:39:13Z">
      <class name="com.sportsGuru.TestCase_Nexus_5X_API_27_Oreo">
        <test-method status="FAIL" signature="SetUp()[pri:0, instance:com.sportsGuru.TestCase_Nexus_5X_API_27_Oreo@5f2108b5]" name="SetUp" is-config="true" duration-ms="10012" started-at="2018-10-31T21:39:03Z" finished-at="2018-10-31T21:39:13Z">
          <exception class="java.lang.IndexOutOfBoundsException">
            <message>
              <![CDATA[Index: 0, Size: 0]]>
            </message>
            <full-stacktrace>
              <![CDATA[java.lang.IndexOutOfBoundsException: Index: 0, Size: 0
at java.util.ArrayList.rangeCheck(ArrayList.java:657)
at java.util.ArrayList.get(ArrayList.java:433)
at com.sportsGuru.ConfigFileReaderMethods.getDevicesFromADB(ConfigFileReaderMethods.java:50)
at com.sportsGuru.TestCase_Nexus_5X_API_27_Oreo.SetUp(TestCase_Nexus_5X_API_27_Oreo.java:36)
at sun.reflect.NativeMethodAccessorImpl.invoke0(Native Method)
at sun.reflect.NativeMethodAccessorImpl.invoke(NativeMethodAccessorImpl.java:62)
at sun.reflect.DelegatingMethodAccessorImpl.invoke(DelegatingMethodAccessorImpl.java:43)
at java.lang.reflect.Method.invoke(Method.java:498)
at org.testng.internal.MethodInvocationHelper.invokeMethod(MethodInvocationHelper.java:124)
at org.testng.internal.MethodInvocationHelper.invokeMethodConsideringTimeout(MethodInvocationHelper.java:59)
at org.testng.internal.Invoker.invokeConfigurationMethod(Invoker.java:455)
at org.testng.internal.Invoker.invokeConfigurations(Invoker.java:222)
at org.testng.internal.Invoker.invokeMethod(Invoker.java:520)
at org.testng.internal.Invoker.invokeTestMethod(Invoker.java:716)
at org.testng.internal.Invoker.invokeTestMethods(Invoker.java:988)
at org.testng.internal.TestMethodWorker.invokeTestMethods(TestMethodWorker.java:125)
at org.testng.internal.TestMethodWorker.run(TestMethodWorker.java:109)
at org.testng.TestRunner.privateRun(TestRunner.java:648)
at org.testng.TestRunner.run(TestRunner.java:505)
at org.testng.SuiteRunner.runTest(SuiteRunner.java:455)
at org.testng.SuiteRunner.runSequentially(SuiteRunner.java:450)
at org.testng.SuiteRunner.privateRun(SuiteRunner.java:415)
at org.testng.SuiteRunner.run(SuiteRunner.java:364)
at org.testng.SuiteRunnerWorker.runSuite(SuiteRunnerWorker.java:52)
at org.testng.SuiteRunnerWorker.run(SuiteRunnerWorker.java:84)
at org.testng.TestNG.runSuitesSequentially(TestNG.java:1208)
at org.testng.TestNG.runSuitesLocally(TestNG.java:1137)
at org.testng.TestNG.runSuites(TestNG.java:1049)
at org.testng.TestNG.run(TestNG.java:1017)
at org.testng.remote.AbstractRemoteTestNG.run(AbstractRemoteTestNG.java:114)
at org.testng.remote.RemoteTestNG.initAndRun(RemoteTestNG.java:251)
at org.testng.remote.RemoteTestNG.main(RemoteTestNG.java:77)
]]>
            </full-stacktrace>
          </exception> <!-- java.lang.IndexOutOfBoundsException -->
          <reporter-output>
          </reporter-output>
        </test-method> <!-- SetUp -->
        <test-method status="SKIP" signature="Nexus_5X_API_27_Oreo()[pri:0, instance:com.sportsGuru.TestCase_Nexus_5X_API_27_Oreo@5f2108b5]" name="Nexus_5X_API_27_Oreo" duration-ms="0" started-at="2018-10-31T21:39:13Z" finished-at="2018-10-31T21:39:13Z">
          <exception class="java.lang.IndexOutOfBoundsException">
            <message>
              <![CDATA[Index: 0, Size: 0]]>
            </message>
            <full-stacktrace>
              <![CDATA[java.lang.IndexOutOfBoundsException: Index: 0, Size: 0
at java.util.ArrayList.rangeCheck(ArrayList.java:657)
at java.util.ArrayList.get(ArrayList.java:433)
at com.sportsGuru.ConfigFileReaderMethods.getDevicesFromADB(ConfigFileReaderMethods.java:50)
at com.sportsGuru.TestCase_Nexus_5X_API_27_Oreo.SetUp(TestCase_Nexus_5X_API_27_Oreo.java:36)
at sun.reflect.NativeMethodAccessorImpl.invoke0(Native Method)
at sun.reflect.NativeMethodAccessorImpl.invoke(NativeMethodAccessorImpl.java:62)
at sun.reflect.DelegatingMethodAccessorImpl.invoke(DelegatingMethodAccessorImpl.java:43)
at java.lang.reflect.Method.invoke(Method.java:498)
at org.testng.internal.MethodInvocationHelper.invokeMethod(MethodInvocationHelper.java:124)
at org.testng.internal.MethodInvocationHelper.invokeMethodConsideringTimeout(MethodInvocationHelper.java:59)
at org.testng.internal.Invoker.invokeConfigurationMethod(Invoker.java:455)
at org.testng.internal.Invoker.invokeConfigurations(Invoker.java:222)
at org.testng.internal.Invoker.invokeMethod(Invoker.java:520)
at org.testng.internal.Invoker.invokeTestMethod(Invoker.java:716)
at org.testng.internal.Invoker.invokeTestMethods(Invoker.java:988)
at org.testng.internal.TestMethodWorker.invokeTestMethods(TestMethodWorker.java:125)
at org.testng.internal.TestMethodWorker.run(TestMethodWorker.java:109)
at org.testng.TestRunner.privateRun(TestRunner.java:648)
at org.testng.TestRunner.run(TestRunner.java:505)
at org.testng.SuiteRunner.runTest(SuiteRunner.java:455)
at org.testng.SuiteRunner.runSequentially(SuiteRunner.java:450)
at org.testng.SuiteRunner.privateRun(SuiteRunner.java:415)
at org.testng.SuiteRunner.run(SuiteRunner.java:364)
at org.testng.SuiteRunnerWorker.runSuite(SuiteRunnerWorker.java:52)
at org.testng.SuiteRunnerWorker.run(SuiteRunnerWorker.java:84)
at org.testng.TestNG.runSuitesSequentially(TestNG.java:1208)
at org.testng.TestNG.runSuitesLocally(TestNG.java:1137)
at org.testng.TestNG.runSuites(TestNG.java:1049)
at org.testng.TestNG.run(TestNG.java:1017)
at org.testng.remote.AbstractRemoteTestNG.run(AbstractRemoteTestNG.java:114)
at org.testng.remote.RemoteTestNG.initAndRun(RemoteTestNG.java:251)
at org.testng.remote.RemoteTestNG.main(RemoteTestNG.java:77)
]]>
            </full-stacktrace>
          </exception> <!-- java.lang.IndexOutOfBoundsException -->
          <reporter-output>
          </reporter-output>
        </test-method> <!-- Nexus_5X_API_27_Oreo -->
        <test-method status="SKIP" signature="TearDown()[pri:0, instance:com.sportsGuru.TestCase_Nexus_5X_API_27_Oreo@5f2108b5]" name="TearDown" is-config="true" duration-ms="0" started-at="2018-10-31T21:39:13Z" finished-at="2018-10-31T21:39:13Z">
          <reporter-output>
          </reporter-output>
        </test-method> <!-- TearDown -->
      </class> <!-- com.sportsGuru.TestCase_Nexus_5X_API_27_Oreo -->
    </test> <!-- TestCase_7 -->
    <test name="TestCase_8" duration-ms="67113" started-at="2018-10-31T21:39:13Z" finished-at="2018-10-31T21:40:20Z">
      <class name="com.sportsGuru.TestCase_Nexus_5X_API_28_Pie">
        <test-method status="PASS" signature="SetUp()[pri:0, instance:com.sportsGuru.TestCase_Nexus_5X_API_28_Pie@5cb9f472]" name="SetUp" is-config="true" duration-ms="10018" started-at="2018-10-31T21:39:13Z" finished-at="2018-10-31T21:39:23Z">
          <reporter-output>
          </reporter-output>
        </test-method> <!-- SetUp -->
        <test-method status="FAIL" signature="Nexus_5X_API_28_Pie()[pri:0, instance:com.sportsGuru.TestCase_Nexus_5X_API_28_Pie@5cb9f472]" name="Nexus_5X_API_28_Pie" duration-ms="57079" started-at="2018-10-31T21:39:23Z" finished-at="2018-10-31T21:40:20Z">
          <exception class="java.lang.AssertionError">
            <message>
              <![CDATA[expected [true] but found [false]]]>
            </message>
            <full-stacktrace>
              <![CDATA[java.lang.AssertionError: expected [true] but found [false]
at org.testng.Assert.fail(Assert.java:96)
at org.testng.Assert.failNotEquals(Assert.java:776)
at org.testng.Assert.assertTrue(Assert.java:44)
at org.testng.Assert.assertTrue(Assert.java:54)
at com.sportsGuru.TestCase_Nexus_5X_API_28_Pie.Nexus_5X_API_28_Pie(TestCase_Nexus_5X_API_28_Pie.java:55)
at sun.reflect.NativeMethodAccessorImpl.invoke0(Native Method)
at sun.reflect.NativeMethodAccessorImpl.invoke(NativeMethodAccessorImpl.java:62)
at sun.reflect.DelegatingMethodAccessorImpl.invoke(DelegatingMethodAccessorImpl.java:43)
at java.lang.reflect.Method.invoke(Method.java:498)
at org.testng.internal.MethodInvocationHelper.invokeMethod(MethodInvocationHelper.java:124)
at org.testng.internal.Invoker.invokeMethod(Invoker.java:580)
at org.testng.internal.Invoker.invokeTestMethod(Invoker.java:716)
at org.testng.internal.Invoker.invokeTestMethods(Invoker.java:988)
at org.testng.internal.TestMethodWorker.invokeTestMethods(TestMethodWorker.java:125)
at org.testng.internal.TestMethodWorker.run(TestMethodWorker.java:109)
at org.testng.TestRunner.privateRun(TestRunner.java:648)
at org.testng.TestRunner.run(TestRunner.java:505)
at org.testng.SuiteRunner.runTest(SuiteRunner.java:455)
at org.testng.SuiteRunner.runSequentially(SuiteRunner.java:450)
at org.testng.SuiteRunner.privateRun(SuiteRunner.java:415)
at org.testng.SuiteRunner.run(SuiteRunner.java:364)
at org.testng.SuiteRunnerWorker.runSuite(SuiteRunnerWorker.java:52)
at org.testng.SuiteRunnerWorker.run(SuiteRunnerWorker.java:84)
at org.testng.TestNG.runSuitesSequentially(TestNG.java:1208)
at org.testng.TestNG.runSuitesLocally(TestNG.java:1137)
at org.testng.TestNG.runSuites(TestNG.java:1049)
at org.testng.TestNG.run(TestNG.java:1017)
at org.testng.remote.AbstractRemoteTestNG.run(AbstractRemoteTestNG.java:114)
at org.testng.remote.RemoteTestNG.initAndRun(RemoteTestNG.java:251)
at org.testng.remote.RemoteTestNG.main(RemoteTestNG.java:77)
]]>
            </full-stacktrace>
          </exception> <!-- java.lang.AssertionError -->
          <reporter-output>
          </reporter-output>
        </test-method> <!-- Nexus_5X_API_28_Pie -->
        <test-method status="PASS" signature="TearDown()[pri:0, instance:com.sportsGuru.TestCase_Nexus_5X_API_28_Pie@5cb9f472]" name="TearDown" is-config="true" duration-ms="10" started-at="2018-10-31T21:40:20Z" finished-at="2018-10-31T21:40:20Z">
          <reporter-output>
          </reporter-output>
        </test-method> <!-- TearDown -->
      </class> <!-- com.sportsGuru.TestCase_Nexus_5X_API_28_Pie -->
    </test> <!-- TestCase_8 -->
  </suite> <!-- Suite -->
</testng-results>
